Creating directory 'arapiunsWebMap'
Copying dependency 'model/dist/publish.min.css'
Copying dependency 'model/dist/publish.min.js'
Copying dependency 'model/src/assets/jquery-1.9.1.min.js'
Copying dependency 'loader/default.gif'
Loading layers from 'arapiuns.tview'
Exporting layer 'trajectory'
Exporting layer 'villages'
Loading Template
Copying image 'Franca.jpg'
Copying image 'Aningalsinho.jpg'
Copying image 'Gurupa.jpg'
Copying image 'Sao Francisco.jpg'
Copying image 'Atrocal.jpg'
Copying image 'Sao Jose I.jpg'
Copying image 'Bom Futuro.jpg'
Copying image 'Cutile.jpg'
Copying image 'Sao Joao da Pira.jpg'
Copying image 'Camara.jpg'
Copying image 'Pascoal.jpg'
Copying image 'Ana.jpg'
Copying image 'Novo Horizonte.jpg'
Copying image 'Sao Jose II.jpg'
Copying image 'Monte Siao.jpg'
Copying image 'Mentai.jpg'
Copying image 'Sao Jose III.jpg'
Copying image 'Cachoeira do Arua.jpg'
Copying image 'Sociedade dos Parentes.jpg'
Copying image 'Cachoeira do Maro.jpg'
Copying image 'Fe em Deus.jpg'
Copying image 'Novo Lugar.jpg'
Copying image 'Raposa.jpg'
Copying image 'Sao Pedro.jpg'
Copying image 'Curi.jpg'
Copying image 'Nova Vista.jpg'
Copying image 'Bacuri.jpg'
Copying image 'Vila Gorete.jpg'
Copying image 'Santissima Trindade.jpg'
Copying image 'Vila Brasil.jpg'
Copying image 'Coroca.jpg'
Copying image 'Sao Miguel.jpg'
Copying image 'Arimum.jpg'
Copying image 'Nova Sociedade do Tucuma.jpg'
Copying image 'Lagoa da Praia.jpg'
Copying image 'Lago Central.jpg'
Copying image 'Maica.jpg'
Copying image 'Santa Luzia.jpg'
Copying image 'Amari.jpg'
Copying image 'Cuipiranga.jpg'
Copying image 'Urucurea.jpg'
Copying image 'Nova Sociedade.jpg'
Copying image 'Atodi.jpg'
Copying image 'Piaui.jpg'
Copying image 'Tucuma.jpg'
Copying image 'Nova Pedreira.jpg'
Copying image 'Vista Alegre.jpg'
Copying image 'Arapiranga.jpg'
Copying image 'Amina.jpg'
Copying icon 'forest.png'
Copying icon 'home.png'
Data 'AllCmmTab_210316OK' successfully zipped
Creating file 'config.js'
Creating file 'index.html'
Summing up, application 'The riverine settlements at Arapiuns (PA)' was successfully created.
