Creating directory 'scenario-caraguaWebMap'
Copying dependency 'model/dist/publish.min.css'
Copying dependency 'model/dist/publish.min.js'
Copying dependency 'model/src/assets/jquery-1.9.1.min.js'
Copying dependency 'loader/default.gif'
Copying image 'urbis_2010_real.PNG'
Copying image 'urbis_uso_2010.PNG'
Copying image 'urbis_simulation_2025_baseline.PNG'
Loading layers from 'scenario-caragua.tview'
Exporting layer 'classes_BaseLine_2025'
Exporting layer 'classes_LessGrowth_2025'
Exporting layer 'classes_PlusGrowth_2025'
Exporting layer 'classes_2010'
Exporting layer 'limit'
Exporting layer 'regions'
Exporting layer 'use'
Loading Template
Creating file 'config.js'
Creating file 'index.html'
Summing up, application 'URBIS-Caraguá' was successfully created.
